Started by user [8mha:AAAAmh+LCAAAAAAAAP9b85aBtbiIQTGjNKU4P08vOT+vOD8nVc83PyU1x6OyILUoJzMv2y+/JJUBAhiZGBgqihhk0NSjKDWzXb3RdlLBUSYGJk8GtpzUvPSSDB8G5tKinBIGIZ+sxLJE/ZzEvHT94JKizLx0a6BxUmjGOUNodHsLgAzeEgY+/dLi1CL94sS8lEpDI0MA5twwOcMAAAA=[0mSandeep Singh
Building in workspace C:\Users\Administrator\.jenkins\workspace\SonarProrject1
Cloning the remote Git repository
Cloning repository https://github.com/sandy121singh/Sonarproject.git
 > C:\Program Files\Git\bin\git.exe init C:\Users\Administrator\.jenkins\workspace\SonarProrject1 # timeout=10
Fetching upstream changes from https://github.com/sandy121singh/Sonarproject.git
 > C:\Program Files\Git\bin\git.exe --version # timeout=10
 > C:\Program Files\Git\bin\git.exe fetch --tags --progress https://github.com/sandy121singh/Sonarproject.git +refs/heads/*:refs/remotes/origin/*
 > C:\Program Files\Git\bin\git.exe config remote.origin.url https://github.com/sandy121singh/Sonarproject.git # timeout=10
 > C:\Program Files\Git\bin\git.exe config --add remote.origin.fetch +refs/heads/*:refs/remotes/origin/* # timeout=10
 > C:\Program Files\Git\bin\git.exe config remote.origin.url https://github.com/sandy121singh/Sonarproject.git # timeout=10
Fetching upstream changes from https://github.com/sandy121singh/Sonarproject.git
 > C:\Program Files\Git\bin\git.exe fetch --tags --progress https://github.com/sandy121singh/Sonarproject.git +refs/heads/*:refs/remotes/origin/*
 > C:\Program Files\Git\bin\git.exe rev-parse "refs/remotes/origin/master^{commit}" # timeout=10
 > C:\Program Files\Git\bin\git.exe rev-parse "refs/remotes/origin/origin/master^{commit}" # timeout=10
Checking out Revision fccdcb6b31a1b4641715b7627634a91586e5c471 (refs/remotes/origin/master)
 > C:\Program Files\Git\bin\git.exe config core.sparsecheckout # timeout=10
 > C:\Program Files\Git\bin\git.exe checkout -f fccdcb6b31a1b4641715b7627634a91586e5c471
Commit message: "first commit"
First time build. Skipping changelog.
[SonarProrject1] $ C:\Users\Administrator\Downloads\sonar-runner-dist-2.4\sonar-runner-2.4\bin\sonar-runner.bat -e -Dsonar.host.url=http://localhost:9090/ ******** ******** -Dsonar.projectName=SonarProject -Dsonar.projectVersion=1.0 -Dsonar.projectKey=SonarProject -Dsonar.sources=./SonarProject/src -Dsonar.projectBaseDir=C:\Users\Administrator\.jenkins\workspace\SonarProrject1
C:\Users\Administrator\Downloads\sonar-runner-dist-2.4\sonar-runner-2.4\bin\..
SonarQube Runner 2.4
Java 1.8.0_151 Oracle Corporation (32-bit)
Windows 7 6.1 x86
INFO: Error stacktraces are turned on.
INFO: Runner configuration file: C:\Users\Administrator\Downloads\sonar-runner-dist-2.4\sonar-runner-2.4\bin\..\conf\sonar-runner.properties
INFO: Project configuration file: NONE
INFO: Default locale: "en_US", source code encoding: "windows-1252" (analysis is platform dependent)
INFO: Work directory: C:\Users\Administrator\.jenkins\workspace\SonarProrject1\.sonar
INFO: SonarQube Server 5.1.2
02:11:59.147 INFO  - Load global repositories
02:12:03.373 INFO  - Load global repositories (done) | time=4238ms
02:12:03.381 INFO  - Server id: 20171027222453
02:12:03.384 INFO  - User cache: C:\Users\Administrator\.sonar\cache
02:12:03.411 INFO  - Install plugins
02:12:04.365 INFO  - Install JDBC driver
02:12:04.397 INFO  - Create JDBC datasource for jdbc:h2:tcp://localhost/sonar
02:12:11.499 INFO  - Initializing Hibernate
02:12:15.215 ERROR - Invalid value of sonar.sources for SonarProject
INFO: ------------------------------------------------------------------------
INFO: EXECUTION FAILURE
INFO: ------------------------------------------------------------------------
Total time: 29.877s
Final Memory: 6M/21M
INFO: ------------------------------------------------------------------------
ERROR: Error during Sonar runner execution
org.sonar.runner.impl.RunnerException: Unable to execute Sonar
	at org.sonar.runner.impl.BatchLauncher$1.delegateExecution(BatchLauncher.java:91)
	at org.sonar.runner.impl.BatchLauncher$1.run(BatchLauncher.java:75)
	at java.security.AccessController.doPrivileged(Native Method)
	at org.sonar.runner.impl.BatchLauncher.doExecute(BatchLauncher.java:69)
	at org.sonar.runner.impl.BatchLauncher.execute(BatchLauncher.java:50)
	at org.sonar.runner.api.EmbeddedRunner.doExecute(EmbeddedRunner.java:102)
	at org.sonar.runner.api.Runner.execute(Runner.java:100)
	at org.sonar.runner.Main.executeTask(Main.java:70)
	at org.sonar.runner.Main.execute(Main.java:59)
	at org.sonar.runner.Main.main(Main.java:53)
Caused by: java.lang.IllegalStateException: The folder './SonarProject/src' does not exist for 'SonarProject' (base directory = C:\Users\Administrator\.jenkins\workspace\SonarProrject1)
	at org.sonar.batch.scan.ProjectReactorBuilder.checkExistenceOfPaths(ProjectReactorBuilder.java:427)
	at org.sonar.batch.scan.ProjectReactorBuilder.cleanAndCheckModuleProperties(ProjectReactorBuilder.java:362)
	at org.sonar.batch.scan.ProjectReactorBuilder.cleanAndCheckProjectDefinitions(ProjectReactorBuilder.java:345)
	at org.sonar.batch.scan.ProjectReactorBuilder.execute(ProjectReactorBuilder.java:119)
	at org.sonar.batch.scan.ProjectScanContainer.projectBootstrap(ProjectScanContainer.java:110)
	at org.sonar.batch.scan.ProjectScanContainer.doBeforeStart(ProjectScanContainer.java:86)
	at org.sonar.api.platform.ComponentContainer.startComponents(ComponentContainer.java:90)
	at org.sonar.api.platform.ComponentContainer.execute(ComponentContainer.java:77)
	at org.sonar.batch.scan.ScanTask.scan(ScanTask.java:57)
	at org.sonar.batch.scan.ScanTask.execute(ScanTask.java:45)
	at org.sonar.batch.bootstrap.TaskContainer.doAfterStart(TaskContainer.java:135)
	at org.sonar.api.platform.ComponentContainer.startComponents(ComponentContainer.java:92)
	at org.sonar.api.platform.ComponentContainer.execute(ComponentContainer.java:77)
	at org.sonar.batch.bootstrap.GlobalContainer.executeTask(GlobalContainer.java:158)
	at org.sonar.batch.bootstrapper.Batch.executeTask(Batch.java:95)
	at org.sonar.batch.bootstrapper.Batch.execute(Batch.java:67)
	at org.sonar.runner.batch.IsolatedLauncher.execute(IsolatedLauncher.java:48)
	at sun.reflect.NativeMethodAccessorImpl.invoke0(Native Method)
	at sun.reflect.NativeMethodAccessorImpl.invoke(NativeMethodAccessorImpl.java:62)
	at sun.reflect.DelegatingMethodAccessorImpl.invoke(DelegatingMethodAccessorImpl.java:43)
	at java.lang.reflect.Method.invoke(Method.java:498)
	at org.sonar.runner.impl.BatchLauncher$1.delegateExecution(BatchLauncher.java:87)
	... 9 more
ERROR: 
ERROR: Re-run SonarQube Runner using the -X switch to enable full debug logging.
ERROR: SonarQube scanner exited with non-zero code: 1
[8mha:AAAAWB+LCAAAAAAAAP9b85aBtbiIQSmjNKU4P08vOT+vOD8nVc8DzHWtSE4tKMnMz/PLL0ldFVf2c+b/lb5MDAwVRQxSaBqcITRIIQMEMIIUFgAAckCEiWAAAAA=[0mFinished: FAILURE
