Started by user [8mha:AAAAmh+LCAAAAAAAAP9b85aBtbiIQTGjNKU4P08vOT+vOD8nVc83PyU1x6OyILUoJzMv2y+/JJUBAhiZGBgqihhk0NSjKDWzXb3RdlLBUSYGJk8GtpzUvPSSDB8G5tKinBIGIZ+sxLJE/ZzEvHT94JKizLx0a6BxUmjGOUNodHsLgAzeEgY+/dLi1CL94sS8lEpDI0MA5twwOcMAAAA=[0mSandeep Singh
Building in workspace C:\Users\Administrator\.jenkins\workspace\SandyProject1
Cloning the remote Git repository
Cloning repository https://gitlab.com/sandy1991/jenkinsProject.git
 > C:\Program Files\Git\bin\git.exe init C:\Users\Administrator\.jenkins\workspace\SandyProject1 # timeout=10
Fetching upstream changes from https://gitlab.com/sandy1991/jenkinsProject.git
 > C:\Program Files\Git\bin\git.exe --version # timeout=10
using GIT_ASKPASS to set credentials 
 > C:\Program Files\Git\bin\git.exe fetch --tags --progress https://gitlab.com/sandy1991/jenkinsProject.git +refs/heads/*:refs/remotes/origin/*
 > C:\Program Files\Git\bin\git.exe config remote.origin.url https://gitlab.com/sandy1991/jenkinsProject.git # timeout=10
 > C:\Program Files\Git\bin\git.exe config --add remote.origin.fetch +refs/heads/*:refs/remotes/origin/* # timeout=10
 > C:\Program Files\Git\bin\git.exe config remote.origin.url https://gitlab.com/sandy1991/jenkinsProject.git # timeout=10
Fetching upstream changes from https://gitlab.com/sandy1991/jenkinsProject.git
using GIT_ASKPASS to set credentials 
 > C:\Program Files\Git\bin\git.exe fetch --tags --progress https://gitlab.com/sandy1991/jenkinsProject.git +refs/heads/*:refs/remotes/origin/*
 > C:\Program Files\Git\bin\git.exe rev-parse "refs/remotes/origin/master^{commit}" # timeout=10
 > C:\Program Files\Git\bin\git.exe rev-parse "refs/remotes/origin/origin/master^{commit}" # timeout=10
Checking out Revision 3d8c5aa51cf4ab5346562d781e1ed4425145141f (refs/remotes/origin/master)
 > C:\Program Files\Git\bin\git.exe config core.sparsecheckout # timeout=10
 > C:\Program Files\Git\bin\git.exe checkout -f 3d8c5aa51cf4ab5346562d781e1ed4425145141f
Commit message: "Initial Commit"
First time build. Skipping changelog.
[SandyProject1] $ cmd.exe /C "C:\Users\Administrator\Desktop\apache-maven-3.5.0\bin\mvn.cmd clean install && exit %%ERRORLEVEL%%"
[INFO] Scanning for projects...
[INFO] ------------------------------------------------------------------------
[INFO] BUILD FAILURE
[INFO] ------------------------------------------------------------------------
[INFO] Total time: 0.240 s
[INFO] Finished at: 2017-10-26T04:47:49+05:30
[INFO] Final Memory: 4M/15M
[INFO] ------------------------------------------------------------------------
[8mha:AAAAYB+LCAAAAAAAAP9b85aBtbiIQSmjNKU4P0+vJLE4u1gvPjexLDVPzxdEuhYV5Rf55ZekOlc7RKnPKH7IxMBQUcQgBdWQnJ9XnJ+TqucMoUEKGSCAEaSwAACsNFCqYAAAAA==[0m[ERROR] The goal you specified requires a project to execute but there is no POM in this directory (C:\Users\Administrator\.jenkins\workspace\SandyProject1). Please verify you invoked Maven from the correct directory. -> [Help 1]
[8mha:AAAAYB+LCAAAAAAAAP9b85aBtbiIQSmjNKU4P0+vJLE4u1gvPjexLDVPzxdEuhYV5Rf55ZekOlc7RKnPKH7IxMBQUcQgBdWQnJ9XnJ+TqucMoUEKGSCAEaSwAACsNFCqYAAAAA==[0m[ERROR] 
[8mha:AAAAYB+LCAAAAAAAAP9b85aBtbiIQSmjNKU4P0+vJLE4u1gvPjexLDVPzxdEuhYV5Rf55ZekOlc7RKnPKH7IxMBQUcQgBdWQnJ9XnJ+TqucMoUEKGSCAEaSwAACsNFCqYAAAAA==[0m[ERROR] To see the full stack trace of the errors, re-run Maven with the -e switch.
[8mha:AAAAYB+LCAAAAAAAAP9b85aBtbiIQSmjNKU4P0+vJLE4u1gvPjexLDVPzxdEuhYV5Rf55ZekOlc7RKnPKH7IxMBQUcQgBdWQnJ9XnJ+TqucMoUEKGSCAEaSwAACsNFCqYAAAAA==[0m[ERROR] Re-run Maven using the -X switch to enable full debug logging.
[8mha:AAAAYB+LCAAAAAAAAP9b85aBtbiIQSmjNKU4P0+vJLE4u1gvPjexLDVPzxdEuhYV5Rf55ZekOlc7RKnPKH7IxMBQUcQgBdWQnJ9XnJ+TqucMoUEKGSCAEaSwAACsNFCqYAAAAA==[0m[ERROR] 
[8mha:AAAAYB+LCAAAAAAAAP9b85aBtbiIQSmjNKU4P0+vJLE4u1gvPjexLDVPzxdEuhYV5Rf55ZekOlc7RKnPKH7IxMBQUcQgBdWQnJ9XnJ+TqucMoUEKGSCAEaSwAACsNFCqYAAAAA==[0m[ERROR] For more information about the errors and possible solutions, please read the following articles:
[8mha:AAAAYB+LCAAAAAAAAP9b85aBtbiIQSmjNKU4P0+vJLE4u1gvPjexLDVPzxdEuhYV5Rf55ZekOlc7RKnPKH7IxMBQUcQgBdWQnJ9XnJ+TqucMoUEKGSCAEaSwAACsNFCqYAAAAA==[0m[ERROR] [Help 1] http://cwiki.apache.org/confluence/display/MAVEN/MissingProjectException
Build step 'Invoke top-level Maven targets' marked build as failure
Warning: you have no plugins providing access control for builds, so falling back to legacy behavior of permitting any downstream builds to be triggered
Finished: FAILURE
